d:\documents\code_c\homework\typinggamec\typinggamec\x64\debug\vc143.pdb
d:\documents\code_c\homework\typinggamec\typinggamec\x64\debug\vc143.idb
d:\documents\code_c\homework\typinggamec\typinggamec\x64\debug\main.obj
d:\documents\code_c\homework\typinggamec\typinggamec\x64\debug\initialization.obj
d:\documents\code_c\homework\typinggamec\typinggamec\x64\debug\draw.obj
d:\documents\code_c\homework\typinggamec\typinggamec\x64\debug\gamedata.obj
d:\documents\code_c\homework\typinggamec\typinggamec\x64\debug\game.obj
d:\documents\code_c\homework\typinggamec\x64\debug\typinggamec.exe
d:\documents\code_c\homework\typinggamec\typinggamec\x64\debug\typinggamec.ilk
d:\documents\code_c\homework\typinggamec\x64\debug\typinggamec.pdb
d:\documents\projects\typinggamec\typinggamec\x64\debug\draw.obj
d:\documents\projects\typinggamec\typinggamec\x64\debug\game.obj
d:\documents\projects\typinggamec\typinggamec\x64\debug\gamedata.obj
d:\documents\projects\typinggamec\typinggamec\x64\debug\initialization.obj
d:\documents\projects\typinggamec\typinggamec\x64\debug\main.obj
d:\documents\projects\typinggamec\typinggamec\x64\debug\typinggamec.ilk
d:\documents\projects\typinggamec\typinggamec\x64\debug\vc143.idb
d:\documents\projects\typinggamec\typinggamec\x64\debug\vc143.pdb
d:\documents\projects\typinggamec\x64\debug\typinggamec.pdb
d:\documents\projects\typinggamec\x64\debug\typinggamec.exe
d:\documents\projects\typinggamec\typinggamec\x64\debug\typinggamec.tlog\cl.command.1.tlog
d:\documents\projects\typinggamec\typinggamec\x64\debug\typinggamec.tlog\cl.read.1.tlog
d:\documents\projects\typinggamec\typinggamec\x64\debug\typinggamec.tlog\cl.write.1.tlog
d:\documents\projects\typinggamec\typinggamec\x64\debug\typinggamec.tlog\link.command.1.tlog
d:\documents\projects\typinggamec\typinggamec\x64\debug\typinggamec.tlog\link.read.1.tlog
d:\documents\projects\typinggamec\typinggamec\x64\debug\typinggamec.tlog\link.write.1.tlog
